<?xml version="1.0" encoding="UTF-8"?>
<testng-results ignored="0" total="1" passed="1" failed="0" skipped="0">
  <reporter-output>
  </reporter-output>
  <suite started-at="2023-01-02T13:38:59Z" name="Suite" finished-at="2023-01-02T13:39:17Z" duration-ms="18563">
    <groups>
    </groups>
    <test started-at="2023-01-02T13:38:59Z" name="Test" finished-at="2023-01-02T13:39:17Z" duration-ms="18563">
      <class name="AmazonTestCases.NavigateTestCases">
        <test-method is-config="true" signature="startTest(java.lang.reflect.Method, java.lang.String, java.lang.String, java.lang.String)[pri:0, instance:AmazonTestCases.NavigateTestCases@2c4ca0f9]" started-at="2023-01-02T13:38:59Z" name="startTest" finished-at="2023-01-02T13:39:04Z" duration-ms="5130" status="PASS">
          <params>
            <param index="0">
              <value>
                <![CDATA[public void AmazonTestCases.NavigateTestCases.navigateTest()]]>
              </value>
            </param>
            <param index="1">
              <value>
                <![CDATA[webdriver.chrome.driver]]>
              </value>
            </param>
            <param index="2">
              <value>
                <![CDATA[C:\\Users\\sauhardmishra\\eclipse-workspace\\AmazonAutomationAssignment\\Resources\\chromedriver.exe]]>
              </value>
            </param>
            <param index="3">
              <value>
                <![CDATA[chrome]]>
              </value>
            </param>
          </params>
          <reporter-output>
          </reporter-output>
        </test-method> <!-- startTest -->
        <test-method signature="navigateTest()[pri:0, instance:AmazonTestCases.NavigateTestCases@2c4ca0f9]" started-at="2023-01-02T13:39:04Z" name="navigateTest" finished-at="2023-01-02T13:39:16Z" duration-ms="12509" status="PASS">
          <reporter-output>
          </reporter-output>
        </test-method> <!-- navigateTest -->
        <test-method is-config="true" signature="testStatus(org.testng.ITestResult)[pri:0, instance:AmazonTestCases.NavigateTestCases@2c4ca0f9]" started-at="2023-01-02T13:39:16Z" name="testStatus" finished-at="2023-01-02T13:39:17Z" duration-ms="907" status="PASS">
          <params>
            <param index="0">
              <value>
                <![CDATA[[TestResult name=navigateTest status=SUCCESS method=NavigateTestCases.navigateTest()[pri:0, instance:AmazonTestCases.NavigateTestCases@2c4ca0f9] output={null}]]]>
              </value>
            </param>
          </params>
          <reporter-output>
          </reporter-output>
        </test-method> <!-- testStatus -->
      </class> <!-- AmazonTestCases.NavigateTestCases -->
    </test> <!-- Test -->
  </suite> <!-- Suite -->
</testng-results>
